2022-09-02 17:10:23,957 : INFO : Utilities.BaseClass : Firstname is chand
2022-09-02 17:10:24,119 : INFO : Utilities.BaseClass : Mail ID ischandshaik321@gmail.com
2022-09-02 17:10:24,525 : INFO : Utilities.BaseClass : Gender: Male
2022-09-02 17:10:24,939 : INFO : Utilities.BaseClass : Test received from application is ×
Success! The Form has been submitted successfully!.
2022-09-02 17:10:24,963 : INFO : Utilities.BaseClass : Firstname is nazira
2022-09-02 17:10:24,963 : INFO : Utilities.BaseClass : Firstname is nazira
2022-09-02 17:10:25,051 : INFO : Utilities.BaseClass : Mail ID isshaiknazira4@gmail.com
2022-09-02 17:10:25,051 : INFO : Utilities.BaseClass : Mail ID isshaiknazira4@gmail.com
2022-09-02 17:10:25,346 : INFO : Utilities.BaseClass : Gender: Female
2022-09-02 17:10:25,346 : INFO : Utilities.BaseClass : Gender: Female
2022-09-02 17:10:25,644 : INFO : Utilities.BaseClass : Test received from application is ×
Success! The Form has been submitted successfully!.
2022-09-02 17:10:25,644 : INFO : Utilities.BaseClass : Test received from application is ×
Success! The Form has been submitted successfully!.
2022-09-02 17:10:34,280 : INFO : Utilities.BaseClass : Getting all the card titles
2022-09-02 17:10:34,280 : INFO : Utilities.BaseClass : Getting all the card titles
2022-09-02 17:10:34,280 : INFO : Utilities.BaseClass : Getting all the card titles
2022-09-02 17:10:34,352 : INFO : Utilities.BaseClass : iphone X
2022-09-02 17:10:34,352 : INFO : Utilities.BaseClass : iphone X
2022-09-02 17:10:34,352 : INFO : Utilities.BaseClass : iphone X
2022-09-02 17:10:34,384 : INFO : Utilities.BaseClass : Samsung Note 8
2022-09-02 17:10:34,384 : INFO : Utilities.BaseClass : Samsung Note 8
2022-09-02 17:10:34,384 : INFO : Utilities.BaseClass : Samsung Note 8
2022-09-02 17:10:34,415 : INFO : Utilities.BaseClass : Nokia Edge
2022-09-02 17:10:34,415 : INFO : Utilities.BaseClass : Nokia Edge
2022-09-02 17:10:34,415 : INFO : Utilities.BaseClass : Nokia Edge
2022-09-02 17:10:34,431 : INFO : Utilities.BaseClass : Blackberry
2022-09-02 17:10:34,431 : INFO : Utilities.BaseClass : Blackberry
2022-09-02 17:10:34,431 : INFO : Utilities.BaseClass : Blackberry
2022-09-02 17:10:34,768 : INFO : Utilities.BaseClass : Entering country name as Ind
2022-09-02 17:10:34,768 : INFO : Utilities.BaseClass : Entering country name as Ind
2022-09-02 17:10:34,768 : INFO : Utilities.BaseClass : Entering country name as Ind
2022-09-02 17:10:40,515 : INFO : Utilities.BaseClass : Test received from application is ×
Success! Thank you! Your order will be delivered in next few weeks :-).
2022-09-02 17:10:40,515 : INFO : Utilities.BaseClass : Test received from application is ×
Success! Thank you! Your order will be delivered in next few weeks :-).
2022-09-02 17:10:40,515 : INFO : Utilities.BaseClass : Test received from application is ×
Success! Thank you! Your order will be delivered in next few weeks :-).
2022-09-02 17:27:09,787 : INFO : Utilities.BaseClass : Firstname is chand
2022-09-02 17:27:09,971 : INFO : Utilities.BaseClass : Mail ID ischandshaik321@gmail.com
2022-09-02 17:27:10,378 : INFO : Utilities.BaseClass : Gender: Male
2022-09-02 17:27:10,797 : INFO : Utilities.BaseClass : Test received from application is ×
Success! The Form has been submitted successfully!.
2022-09-02 17:27:11,213 : INFO : Utilities.BaseClass : Firstname is nazira
2022-09-02 17:27:11,213 : INFO : Utilities.BaseClass : Firstname is nazira
2022-09-02 17:27:11,346 : INFO : Utilities.BaseClass : Mail ID isshaiknazira4@gmail.com
2022-09-02 17:27:11,346 : INFO : Utilities.BaseClass : Mail ID isshaiknazira4@gmail.com
2022-09-02 17:27:11,810 : INFO : Utilities.BaseClass : Gender: Female
2022-09-02 17:27:11,810 : INFO : Utilities.BaseClass : Gender: Female
2022-09-02 17:27:12,170 : INFO : Utilities.BaseClass : Test received from application is ×
Success! The Form has been submitted successfully!.
2022-09-02 17:27:12,170 : INFO : Utilities.BaseClass : Test received from application is ×
Success! The Form has been submitted successfully!.
2022-09-02 17:27:24,431 : INFO : Utilities.BaseClass : Getting all the card titles
2022-09-02 17:27:24,431 : INFO : Utilities.BaseClass : Getting all the card titles
2022-09-02 17:27:24,431 : INFO : Utilities.BaseClass : Getting all the card titles
2022-09-02 17:27:24,495 : INFO : Utilities.BaseClass : iphone X
2022-09-02 17:27:24,495 : INFO : Utilities.BaseClass : iphone X
2022-09-02 17:27:24,495 : INFO : Utilities.BaseClass : iphone X
2022-09-02 17:27:24,519 : INFO : Utilities.BaseClass : Samsung Note 8
2022-09-02 17:27:24,519 : INFO : Utilities.BaseClass : Samsung Note 8
2022-09-02 17:27:24,519 : INFO : Utilities.BaseClass : Samsung Note 8
2022-09-02 17:27:24,543 : INFO : Utilities.BaseClass : Nokia Edge
2022-09-02 17:27:24,543 : INFO : Utilities.BaseClass : Nokia Edge
2022-09-02 17:27:24,543 : INFO : Utilities.BaseClass : Nokia Edge
2022-09-02 17:27:24,567 : INFO : Utilities.BaseClass : Blackberry
2022-09-02 17:27:24,567 : INFO : Utilities.BaseClass : Blackberry
2022-09-02 17:27:24,567 : INFO : Utilities.BaseClass : Blackberry
2022-09-02 17:27:24,969 : INFO : Utilities.BaseClass : Entering country name as Ind
2022-09-02 17:27:24,969 : INFO : Utilities.BaseClass : Entering country name as Ind
2022-09-02 17:27:24,969 : INFO : Utilities.BaseClass : Entering country name as Ind
2022-09-02 17:27:30,771 : INFO : Utilities.BaseClass : Test received from application is ×
Success! Thank you! Your order will be delivered in next few weeks :-).
2022-09-02 17:27:30,771 : INFO : Utilities.BaseClass : Test received from application is ×
Success! Thank you! Your order will be delivered in next few weeks :-).
2022-09-02 17:27:30,771 : INFO : Utilities.BaseClass : Test received from application is ×
Success! Thank you! Your order will be delivered in next few weeks :-).
2022-09-02 19:14:39,813 : INFO : Utilities.BaseClass : Firstname is chand
2022-09-02 19:14:40,041 : INFO : Utilities.BaseClass : Mail ID ischandshaik321@gmail.com
2022-09-02 19:14:40,601 : INFO : Utilities.BaseClass : Gender: Male
2022-09-02 19:14:41,504 : INFO : Utilities.BaseClass : Test received from application is ×
Success! The Form has been submitted successfully!.
2022-09-02 19:14:42,069 : INFO : Utilities.BaseClass : Firstname is nazira
2022-09-02 19:14:42,069 : INFO : Utilities.BaseClass : Firstname is nazira
2022-09-02 19:14:42,245 : INFO : Utilities.BaseClass : Mail ID isshaiknazira4@gmail.com
2022-09-02 19:14:42,245 : INFO : Utilities.BaseClass : Mail ID isshaiknazira4@gmail.com
2022-09-02 19:14:42,695 : INFO : Utilities.BaseClass : Gender: Female
2022-09-02 19:14:42,695 : INFO : Utilities.BaseClass : Gender: Female
2022-09-02 19:14:43,064 : INFO : Utilities.BaseClass : Test received from application is ×
Success! The Form has been submitted successfully!.
2022-09-02 19:14:43,064 : INFO : Utilities.BaseClass : Test received from application is ×
Success! The Form has been submitted successfully!.
2022-09-02 19:14:49,711 : INFO : Utilities.BaseClass : Getting all the card titles
2022-09-02 19:14:49,711 : INFO : Utilities.BaseClass : Getting all the card titles
2022-09-02 19:14:49,711 : INFO : Utilities.BaseClass : Getting all the card titles
2022-09-02 19:14:49,760 : INFO : Utilities.BaseClass : iphone X
2022-09-02 19:14:49,760 : INFO : Utilities.BaseClass : iphone X
2022-09-02 19:14:49,760 : INFO : Utilities.BaseClass : iphone X
2022-09-02 19:14:49,767 : INFO : Utilities.BaseClass : Samsung Note 8
2022-09-02 19:14:49,767 : INFO : Utilities.BaseClass : Samsung Note 8
2022-09-02 19:14:49,767 : INFO : Utilities.BaseClass : Samsung Note 8
2022-09-02 19:14:49,798 : INFO : Utilities.BaseClass : Nokia Edge
2022-09-02 19:14:49,798 : INFO : Utilities.BaseClass : Nokia Edge
2022-09-02 19:14:49,798 : INFO : Utilities.BaseClass : Nokia Edge
2022-09-02 19:14:49,814 : INFO : Utilities.BaseClass : Blackberry
2022-09-02 19:14:49,814 : INFO : Utilities.BaseClass : Blackberry
2022-09-02 19:14:49,814 : INFO : Utilities.BaseClass : Blackberry
2022-09-02 19:14:50,158 : INFO : Utilities.BaseClass : Entering country name as Ind
2022-09-02 19:14:50,158 : INFO : Utilities.BaseClass : Entering country name as Ind
2022-09-02 19:14:50,158 : INFO : Utilities.BaseClass : Entering country name as Ind
2022-09-02 19:14:56,022 : INFO : Utilities.BaseClass : Test received from application is ×
Success! Thank you! Your order will be delivered in next few weeks :-).
2022-09-02 19:14:56,022 : INFO : Utilities.BaseClass : Test received from application is ×
Success! Thank you! Your order will be delivered in next few weeks :-).
2022-09-02 19:14:56,022 : INFO : Utilities.BaseClass : Test received from application is ×
Success! Thank you! Your order will be delivered in next few weeks :-).
2022-09-02 19:16:46,395 : INFO : Utilities.BaseClass : Firstname is chand
2022-09-02 19:16:46,566 : INFO : Utilities.BaseClass : Mail ID ischandshaik321@gmail.com
2022-09-02 19:16:47,077 : INFO : Utilities.BaseClass : Gender: Male
2022-09-02 19:16:47,455 : INFO : Utilities.BaseClass : Test received from application is ×
Success! The Form has been submitted successfully!.
2022-09-02 19:16:47,892 : INFO : Utilities.BaseClass : Firstname is nazira
2022-09-02 19:16:47,892 : INFO : Utilities.BaseClass : Firstname is nazira
2022-09-02 19:16:48,018 : INFO : Utilities.BaseClass : Mail ID isshaiknazira4@gmail.com
2022-09-02 19:16:48,018 : INFO : Utilities.BaseClass : Mail ID isshaiknazira4@gmail.com
2022-09-02 19:16:48,485 : INFO : Utilities.BaseClass : Gender: Female
2022-09-02 19:16:48,485 : INFO : Utilities.BaseClass : Gender: Female
2022-09-02 19:16:48,849 : INFO : Utilities.BaseClass : Test received from application is ×
Success! The Form has been submitted successfully!.
2022-09-02 19:16:48,849 : INFO : Utilities.BaseClass : Test received from application is ×
Success! The Form has been submitted successfully!.
2022-09-02 19:17:08,118 : INFO : Utilities.BaseClass : Getting all the card titles
2022-09-02 19:17:08,118 : INFO : Utilities.BaseClass : Getting all the card titles
2022-09-02 19:17:08,118 : INFO : Utilities.BaseClass : Getting all the card titles
2022-09-02 19:17:08,171 : INFO : Utilities.BaseClass : iphone X
2022-09-02 19:17:08,171 : INFO : Utilities.BaseClass : iphone X
2022-09-02 19:17:08,171 : INFO : Utilities.BaseClass : iphone X
2022-09-02 19:17:08,184 : INFO : Utilities.BaseClass : Samsung Note 8
2022-09-02 19:17:08,184 : INFO : Utilities.BaseClass : Samsung Note 8
2022-09-02 19:17:08,184 : INFO : Utilities.BaseClass : Samsung Note 8
2022-09-02 19:17:08,200 : INFO : Utilities.BaseClass : Nokia Edge
2022-09-02 19:17:08,200 : INFO : Utilities.BaseClass : Nokia Edge
2022-09-02 19:17:08,200 : INFO : Utilities.BaseClass : Nokia Edge
2022-09-02 19:17:08,215 : INFO : Utilities.BaseClass : Blackberry
2022-09-02 19:17:08,215 : INFO : Utilities.BaseClass : Blackberry
2022-09-02 19:17:08,215 : INFO : Utilities.BaseClass : Blackberry
2022-09-02 19:17:08,673 : INFO : Utilities.BaseClass : Entering country name as Ind
2022-09-02 19:17:08,673 : INFO : Utilities.BaseClass : Entering country name as Ind
2022-09-02 19:17:08,673 : INFO : Utilities.BaseClass : Entering country name as Ind
2022-09-02 19:17:14,544 : INFO : Utilities.BaseClass : Test received from application is ×
Success! Thank you! Your order will be delivered in next few weeks :-).
2022-09-02 19:17:14,544 : INFO : Utilities.BaseClass : Test received from application is ×
Success! Thank you! Your order will be delivered in next few weeks :-).
2022-09-02 19:17:14,544 : INFO : Utilities.BaseClass : Test received from application is ×
Success! Thank you! Your order will be delivered in next few weeks :-).
2022-09-03 12:39:52,523 : INFO : Utilities.BaseClass : Firstname is chand
2022-09-03 12:39:52,670 : INFO : Utilities.BaseClass : Mail ID ischandshaik321@gmail.com
2022-09-03 12:39:53,182 : INFO : Utilities.BaseClass : Gender: Male
2022-09-03 12:39:53,807 : INFO : Utilities.BaseClass : Test received from application is ×
Success! The Form has been submitted successfully!.
2022-09-03 12:39:54,439 : INFO : Utilities.BaseClass : Firstname is nazira
2022-09-03 12:39:54,439 : INFO : Utilities.BaseClass : Firstname is nazira
2022-09-03 12:39:54,575 : INFO : Utilities.BaseClass : Mail ID isshaiknazira4@gmail.com
2022-09-03 12:39:54,575 : INFO : Utilities.BaseClass : Mail ID isshaiknazira4@gmail.com
2022-09-03 12:39:55,159 : INFO : Utilities.BaseClass : Gender: Female
2022-09-03 12:39:55,159 : INFO : Utilities.BaseClass : Gender: Female
2022-09-03 12:39:55,655 : INFO : Utilities.BaseClass : Test received from application is ×
Success! The Form has been submitted successfully!.
2022-09-03 12:39:55,655 : INFO : Utilities.BaseClass : Test received from application is ×
Success! The Form has been submitted successfully!.
2022-09-03 12:40:02,836 : INFO : Utilities.BaseClass : Getting all the card titles
2022-09-03 12:40:02,836 : INFO : Utilities.BaseClass : Getting all the card titles
2022-09-03 12:40:02,836 : INFO : Utilities.BaseClass : Getting all the card titles
2022-09-03 12:40:02,908 : INFO : Utilities.BaseClass : iphone X
2022-09-03 12:40:02,908 : INFO : Utilities.BaseClass : iphone X
2022-09-03 12:40:02,908 : INFO : Utilities.BaseClass : iphone X
2022-09-03 12:40:02,948 : INFO : Utilities.BaseClass : Samsung Note 8
2022-09-03 12:40:02,948 : INFO : Utilities.BaseClass : Samsung Note 8
2022-09-03 12:40:02,948 : INFO : Utilities.BaseClass : Samsung Note 8
2022-09-03 12:40:02,988 : INFO : Utilities.BaseClass : Nokia Edge
2022-09-03 12:40:02,988 : INFO : Utilities.BaseClass : Nokia Edge
2022-09-03 12:40:02,988 : INFO : Utilities.BaseClass : Nokia Edge
2022-09-03 12:40:03,028 : INFO : Utilities.BaseClass : Blackberry
2022-09-03 12:40:03,028 : INFO : Utilities.BaseClass : Blackberry
2022-09-03 12:40:03,028 : INFO : Utilities.BaseClass : Blackberry
2022-09-03 12:40:03,455 : INFO : Utilities.BaseClass : Entering country name as Ind
2022-09-03 12:40:03,455 : INFO : Utilities.BaseClass : Entering country name as Ind
2022-09-03 12:40:03,455 : INFO : Utilities.BaseClass : Entering country name as Ind
2022-09-03 12:40:09,476 : INFO : Utilities.BaseClass : Test received from application is ×
Success! Thank you! Your order will be delivered in next few weeks :-).
2022-09-03 12:40:09,476 : INFO : Utilities.BaseClass : Test received from application is ×
Success! Thank you! Your order will be delivered in next few weeks :-).
2022-09-03 12:40:09,476 : INFO : Utilities.BaseClass : Test received from application is ×
Success! Thank you! Your order will be delivered in next few weeks :-).
2022-09-03 13:07:31,944 : INFO : Utilities.BaseClass : Firstname is chand
2022-09-03 13:07:32,130 : INFO : Utilities.BaseClass : Mail ID ischandshaik321@gmail.com
2022-09-03 13:07:32,512 : INFO : Utilities.BaseClass : Gender: Male
2022-09-03 13:07:32,909 : INFO : Utilities.BaseClass : Test received from application is ×
Success! The Form has been submitted successfully!.
2022-09-03 13:07:33,549 : INFO : Utilities.BaseClass : Firstname is nazira
2022-09-03 13:07:33,549 : INFO : Utilities.BaseClass : Firstname is nazira
2022-09-03 13:07:33,701 : INFO : Utilities.BaseClass : Mail ID isshaiknazira4@gmail.com
2022-09-03 13:07:33,701 : INFO : Utilities.BaseClass : Mail ID isshaiknazira4@gmail.com
2022-09-03 13:07:34,101 : INFO : Utilities.BaseClass : Gender: Female
2022-09-03 13:07:34,101 : INFO : Utilities.BaseClass : Gender: Female
2022-09-03 13:07:34,470 : INFO : Utilities.BaseClass : Test received from application is ×
Success! The Form has been submitted successfully!.
2022-09-03 13:07:34,470 : INFO : Utilities.BaseClass : Test received from application is ×
Success! The Form has been submitted successfully!.
2022-09-03 13:07:41,435 : INFO : Utilities.BaseClass : Getting all the card titles
2022-09-03 13:07:41,435 : INFO : Utilities.BaseClass : Getting all the card titles
2022-09-03 13:07:41,435 : INFO : Utilities.BaseClass : Getting all the card titles
2022-09-03 13:07:41,496 : INFO : Utilities.BaseClass : iphone X
2022-09-03 13:07:41,496 : INFO : Utilities.BaseClass : iphone X
2022-09-03 13:07:41,496 : INFO : Utilities.BaseClass : iphone X
2022-09-03 13:07:41,528 : INFO : Utilities.BaseClass : Samsung Note 8
2022-09-03 13:07:41,528 : INFO : Utilities.BaseClass : Samsung Note 8
2022-09-03 13:07:41,528 : INFO : Utilities.BaseClass : Samsung Note 8
2022-09-03 13:07:41,543 : INFO : Utilities.BaseClass : Nokia Edge
2022-09-03 13:07:41,543 : INFO : Utilities.BaseClass : Nokia Edge
2022-09-03 13:07:41,543 : INFO : Utilities.BaseClass : Nokia Edge
2022-09-03 13:07:41,559 : INFO : Utilities.BaseClass : Blackberry
2022-09-03 13:07:41,559 : INFO : Utilities.BaseClass : Blackberry
2022-09-03 13:07:41,559 : INFO : Utilities.BaseClass : Blackberry
2022-09-03 13:07:41,945 : INFO : Utilities.BaseClass : Entering country name as Ind
2022-09-03 13:07:41,945 : INFO : Utilities.BaseClass : Entering country name as Ind
2022-09-03 13:07:41,945 : INFO : Utilities.BaseClass : Entering country name as Ind
2022-09-03 13:07:47,878 : INFO : Utilities.BaseClass : Test received from application is ×
Success! Thank you! Your order will be delivered in next few weeks :-).
2022-09-03 13:07:47,878 : INFO : Utilities.BaseClass : Test received from application is ×
Success! Thank you! Your order will be delivered in next few weeks :-).
2022-09-03 13:07:47,878 : INFO : Utilities.BaseClass : Test received from application is ×
Success! Thank you! Your order will be delivered in next few weeks :-).
2022-09-05 20:08:04,960 : INFO : Utilities.BaseClass : Firstname is chand
2022-09-05 20:08:05,139 : INFO : Utilities.BaseClass : Mail ID ischandshaik321@gmail.com
2022-09-05 20:08:05,591 : INFO : Utilities.BaseClass : Gender: Male
2022-09-05 20:08:06,260 : INFO : Utilities.BaseClass : Test received from application is ×
Success! The Form has been submitted successfully!.
2022-09-05 20:08:06,601 : INFO : Utilities.BaseClass : Firstname is nazira
2022-09-05 20:08:06,601 : INFO : Utilities.BaseClass : Firstname is nazira
2022-09-05 20:08:06,741 : INFO : Utilities.BaseClass : Mail ID isshaiknazira4@gmail.com
2022-09-05 20:08:06,741 : INFO : Utilities.BaseClass : Mail ID isshaiknazira4@gmail.com
2022-09-05 20:08:07,204 : INFO : Utilities.BaseClass : Gender: Female
2022-09-05 20:08:07,204 : INFO : Utilities.BaseClass : Gender: Female
2022-09-05 20:08:07,628 : INFO : Utilities.BaseClass : Test received from application is ×
Success! The Form has been submitted successfully!.
2022-09-05 20:08:07,628 : INFO : Utilities.BaseClass : Test received from application is ×
Success! The Form has been submitted successfully!.
2022-09-05 20:08:12,308 : INFO : Utilities.BaseClass : Getting all the card titles
2022-09-05 20:08:12,308 : INFO : Utilities.BaseClass : Getting all the card titles
2022-09-05 20:08:12,308 : INFO : Utilities.BaseClass : Getting all the card titles
2022-09-05 20:08:12,358 : INFO : Utilities.BaseClass : iphone X
2022-09-05 20:08:12,358 : INFO : Utilities.BaseClass : iphone X
2022-09-05 20:08:12,358 : INFO : Utilities.BaseClass : iphone X
2022-09-05 20:08:12,362 : INFO : Utilities.BaseClass : Samsung Note 8
2022-09-05 20:08:12,362 : INFO : Utilities.BaseClass : Samsung Note 8
2022-09-05 20:08:12,362 : INFO : Utilities.BaseClass : Samsung Note 8
2022-09-05 20:08:12,394 : INFO : Utilities.BaseClass : Nokia Edge
2022-09-05 20:08:12,394 : INFO : Utilities.BaseClass : Nokia Edge
2022-09-05 20:08:12,394 : INFO : Utilities.BaseClass : Nokia Edge
2022-09-05 20:08:12,409 : INFO : Utilities.BaseClass : Blackberry
2022-09-05 20:08:12,409 : INFO : Utilities.BaseClass : Blackberry
2022-09-05 20:08:12,409 : INFO : Utilities.BaseClass : Blackberry
2022-09-05 20:08:12,742 : INFO : Utilities.BaseClass : Entering country name as Ind
2022-09-05 20:08:12,742 : INFO : Utilities.BaseClass : Entering country name as Ind
2022-09-05 20:08:12,742 : INFO : Utilities.BaseClass : Entering country name as Ind
2022-09-05 20:08:18,651 : INFO : Utilities.BaseClass : Test received from application is ×
Success! Thank you! Your order will be delivered in next few weeks :-).
2022-09-05 20:08:18,651 : INFO : Utilities.BaseClass : Test received from application is ×
Success! Thank you! Your order will be delivered in next few weeks :-).
2022-09-05 20:08:18,651 : INFO : Utilities.BaseClass : Test received from application is ×
Success! Thank you! Your order will be delivered in next few weeks :-).
2022-09-06 14:46:41,689 : INFO : Utilities.BaseClass : Firstname is chand
2022-09-06 14:46:42,084 : INFO : Utilities.BaseClass : Mail ID ischandshaik321@gmail.com
2022-09-06 14:46:42,751 : INFO : Utilities.BaseClass : Gender: Male
2022-09-06 14:46:43,920 : INFO : Utilities.BaseClass : Test received from application is ×
Success! The Form has been submitted successfully!.
2022-09-06 14:46:44,628 : INFO : Utilities.BaseClass : Firstname is nazira
2022-09-06 14:46:44,628 : INFO : Utilities.BaseClass : Firstname is nazira
2022-09-06 14:46:44,831 : INFO : Utilities.BaseClass : Mail ID isshaiknazira4@gmail.com
2022-09-06 14:46:44,831 : INFO : Utilities.BaseClass : Mail ID isshaiknazira4@gmail.com
2022-09-06 14:46:45,550 : INFO : Utilities.BaseClass : Gender: Female
2022-09-06 14:46:45,550 : INFO : Utilities.BaseClass : Gender: Female
2022-09-06 14:46:46,353 : INFO : Utilities.BaseClass : Test received from application is ×
Success! The Form has been submitted successfully!.
2022-09-06 14:46:46,353 : INFO : Utilities.BaseClass : Test received from application is ×
Success! The Form has been submitted successfully!.
2022-09-06 14:46:51,817 : INFO : Utilities.BaseClass : Getting all the card titles
2022-09-06 14:46:51,817 : INFO : Utilities.BaseClass : Getting all the card titles
2022-09-06 14:46:51,817 : INFO : Utilities.BaseClass : Getting all the card titles
2022-09-06 14:46:51,880 : INFO : Utilities.BaseClass : iphone X
2022-09-06 14:46:51,880 : INFO : Utilities.BaseClass : iphone X
2022-09-06 14:46:51,880 : INFO : Utilities.BaseClass : iphone X
2022-09-06 14:46:51,903 : INFO : Utilities.BaseClass : Samsung Note 8
2022-09-06 14:46:51,903 : INFO : Utilities.BaseClass : Samsung Note 8
2022-09-06 14:46:51,903 : INFO : Utilities.BaseClass : Samsung Note 8
2022-09-06 14:46:51,919 : INFO : Utilities.BaseClass : Nokia Edge
2022-09-06 14:46:51,919 : INFO : Utilities.BaseClass : Nokia Edge
2022-09-06 14:46:51,919 : INFO : Utilities.BaseClass : Nokia Edge
2022-09-06 14:46:51,951 : INFO : Utilities.BaseClass : Blackberry
2022-09-06 14:46:51,951 : INFO : Utilities.BaseClass : Blackberry
2022-09-06 14:46:51,951 : INFO : Utilities.BaseClass : Blackberry
2022-09-06 14:46:52,474 : INFO : Utilities.BaseClass : Entering country name as Ind
2022-09-06 14:46:52,474 : INFO : Utilities.BaseClass : Entering country name as Ind
2022-09-06 14:46:52,474 : INFO : Utilities.BaseClass : Entering country name as Ind
2022-09-06 14:46:58,580 : INFO : Utilities.BaseClass : Test received from application is ×
Success! Thank you! Your order will be delivered in next few weeks :-).
2022-09-06 14:46:58,580 : INFO : Utilities.BaseClass : Test received from application is ×
Success! Thank you! Your order will be delivered in next few weeks :-).
2022-09-06 14:46:58,580 : INFO : Utilities.BaseClass : Test received from application is ×
Success! Thank you! Your order will be delivered in next few weeks :-).
2022-09-06 14:53:36,358 : INFO : Utilities.BaseClass : Firstname is chand
2022-09-06 14:53:36,633 : INFO : Utilities.BaseClass : Mail ID ischandshaik321@gmail.com
2022-09-06 14:53:37,173 : INFO : Utilities.BaseClass : Gender: Male
2022-09-06 14:53:37,694 : INFO : Utilities.BaseClass : Test received from application is ×
Success! The Form has been submitted successfully!.
2022-09-06 14:53:38,117 : INFO : Utilities.BaseClass : Firstname is nazira
2022-09-06 14:53:38,117 : INFO : Utilities.BaseClass : Firstname is nazira
2022-09-06 14:53:38,250 : INFO : Utilities.BaseClass : Mail ID isshaiknazira4@gmail.com
2022-09-06 14:53:38,250 : INFO : Utilities.BaseClass : Mail ID isshaiknazira4@gmail.com
2022-09-06 14:53:38,722 : INFO : Utilities.BaseClass : Gender: Female
2022-09-06 14:53:38,722 : INFO : Utilities.BaseClass : Gender: Female
2022-09-06 14:53:39,175 : INFO : Utilities.BaseClass : Test received from application is ×
Success! The Form has been submitted successfully!.
2022-09-06 14:53:39,175 : INFO : Utilities.BaseClass : Test received from application is ×
Success! The Form has been submitted successfully!.
2022-09-06 14:53:44,681 : INFO : Utilities.BaseClass : Getting all the card titles
2022-09-06 14:53:44,681 : INFO : Utilities.BaseClass : Getting all the card titles
2022-09-06 14:53:44,681 : INFO : Utilities.BaseClass : Getting all the card titles
2022-09-06 14:53:44,734 : INFO : Utilities.BaseClass : iphone X
2022-09-06 14:53:44,734 : INFO : Utilities.BaseClass : iphone X
2022-09-06 14:53:44,734 : INFO : Utilities.BaseClass : iphone X
2022-09-06 14:53:44,765 : INFO : Utilities.BaseClass : Samsung Note 8
2022-09-06 14:53:44,765 : INFO : Utilities.BaseClass : Samsung Note 8
2022-09-06 14:53:44,765 : INFO : Utilities.BaseClass : Samsung Note 8
2022-09-06 14:53:44,781 : INFO : Utilities.BaseClass : Nokia Edge
2022-09-06 14:53:44,781 : INFO : Utilities.BaseClass : Nokia Edge
2022-09-06 14:53:44,781 : INFO : Utilities.BaseClass : Nokia Edge
2022-09-06 14:53:44,796 : INFO : Utilities.BaseClass : Blackberry
2022-09-06 14:53:44,796 : INFO : Utilities.BaseClass : Blackberry
2022-09-06 14:53:44,796 : INFO : Utilities.BaseClass : Blackberry
2022-09-06 14:53:45,223 : INFO : Utilities.BaseClass : Entering country name as Ind
2022-09-06 14:53:45,223 : INFO : Utilities.BaseClass : Entering country name as Ind
2022-09-06 14:53:45,223 : INFO : Utilities.BaseClass : Entering country name as Ind
2022-09-06 14:53:51,391 : INFO : Utilities.BaseClass : Test received from application is ×
Success! Thank you! Your order will be delivered in next few weeks :-).
2022-09-06 14:53:51,391 : INFO : Utilities.BaseClass : Test received from application is ×
Success! Thank you! Your order will be delivered in next few weeks :-).
2022-09-06 14:53:51,391 : INFO : Utilities.BaseClass : Test received from application is ×
Success! Thank you! Your order will be delivered in next few weeks :-).
2022-09-08 14:35:49,404 : INFO : Utilities.BaseClass : Firstname is chand
2022-09-08 14:35:49,574 : INFO : Utilities.BaseClass : Mail ID ischandshaik321@gmail.com
2022-09-08 14:35:50,077 : INFO : Utilities.BaseClass : Gender: Male
2022-09-08 14:35:50,717 : INFO : Utilities.BaseClass : Test received from application is ×
Success! The Form has been submitted successfully!.
2022-09-08 14:35:51,054 : INFO : Utilities.BaseClass : Firstname is nazira
2022-09-08 14:35:51,054 : INFO : Utilities.BaseClass : Firstname is nazira
2022-09-08 14:35:51,200 : INFO : Utilities.BaseClass : Mail ID isshaiknazira4@gmail.com
2022-09-08 14:35:51,200 : INFO : Utilities.BaseClass : Mail ID isshaiknazira4@gmail.com
2022-09-08 14:35:51,693 : INFO : Utilities.BaseClass : Gender: Female
2022-09-08 14:35:51,693 : INFO : Utilities.BaseClass : Gender: Female
2022-09-08 14:35:52,080 : INFO : Utilities.BaseClass : Test received from application is ×
Success! The Form has been submitted successfully!.
2022-09-08 14:35:52,080 : INFO : Utilities.BaseClass : Test received from application is ×
Success! The Form has been submitted successfully!.
2022-09-08 14:37:27,695 : INFO : Utilities.BaseClass : Firstname is chand
2022-09-08 14:37:27,841 : INFO : Utilities.BaseClass : Mail ID ischandshaik321@gmail.com
2022-09-08 14:37:28,252 : INFO : Utilities.BaseClass : Gender: Male
2022-09-08 14:37:28,640 : INFO : Utilities.BaseClass : Test received from application is ×
Success! The Form has been submitted successfully!.
2022-09-08 14:37:28,923 : INFO : Utilities.BaseClass : Firstname is nazira
2022-09-08 14:37:28,923 : INFO : Utilities.BaseClass : Firstname is nazira
2022-09-08 14:37:29,046 : INFO : Utilities.BaseClass : Mail ID isshaiknazira4@gmail.com
2022-09-08 14:37:29,046 : INFO : Utilities.BaseClass : Mail ID isshaiknazira4@gmail.com
2022-09-08 14:37:29,459 : INFO : Utilities.BaseClass : Gender: Female
2022-09-08 14:37:29,459 : INFO : Utilities.BaseClass : Gender: Female
2022-09-08 14:37:29,824 : INFO : Utilities.BaseClass : Test received from application is ×
Success! The Form has been submitted successfully!.
2022-09-08 14:37:29,824 : INFO : Utilities.BaseClass : Test received from application is ×
Success! The Form has been submitted successfully!.
2022-09-08 14:37:34,970 : INFO : Utilities.BaseClass : Getting all the card titles
2022-09-08 14:37:34,970 : INFO : Utilities.BaseClass : Getting all the card titles
2022-09-08 14:37:34,970 : INFO : Utilities.BaseClass : Getting all the card titles
2022-09-08 14:37:35,015 : INFO : Utilities.BaseClass : iphone X
2022-09-08 14:37:35,015 : INFO : Utilities.BaseClass : iphone X
2022-09-08 14:37:35,015 : INFO : Utilities.BaseClass : iphone X
2022-09-08 14:37:35,046 : INFO : Utilities.BaseClass : Samsung Note 8
2022-09-08 14:37:35,046 : INFO : Utilities.BaseClass : Samsung Note 8
2022-09-08 14:37:35,046 : INFO : Utilities.BaseClass : Samsung Note 8
2022-09-08 14:37:35,062 : INFO : Utilities.BaseClass : Nokia Edge
2022-09-08 14:37:35,062 : INFO : Utilities.BaseClass : Nokia Edge
2022-09-08 14:37:35,062 : INFO : Utilities.BaseClass : Nokia Edge
2022-09-08 14:37:35,093 : INFO : Utilities.BaseClass : Blackberry
2022-09-08 14:37:35,093 : INFO : Utilities.BaseClass : Blackberry
2022-09-08 14:37:35,093 : INFO : Utilities.BaseClass : Blackberry
2022-09-08 14:37:35,426 : INFO : Utilities.BaseClass : Entering country name as Ind
2022-09-08 14:37:35,426 : INFO : Utilities.BaseClass : Entering country name as Ind
2022-09-08 14:37:35,426 : INFO : Utilities.BaseClass : Entering country name as Ind
2022-09-08 14:37:41,376 : INFO : Utilities.BaseClass : Test received from application is ×
Success! Thank you! Your order will be delivered in next few weeks :-).
2022-09-08 14:37:41,376 : INFO : Utilities.BaseClass : Test received from application is ×
Success! Thank you! Your order will be delivered in next few weeks :-).
2022-09-08 14:37:41,376 : INFO : Utilities.BaseClass : Test received from application is ×
Success! Thank you! Your order will be delivered in next few weeks :-).
2022-09-08 14:42:48,718 : INFO : Utilities.BaseClass : Getting all the card titles
2022-09-08 14:42:48,718 : INFO : Utilities.BaseClass : Getting all the card titles
2022-09-08 14:42:48,794 : INFO : Utilities.BaseClass : iphone X
2022-09-08 14:42:48,794 : INFO : Utilities.BaseClass : iphone X
2022-09-08 14:42:48,809 : INFO : Utilities.BaseClass : Samsung Note 8
2022-09-08 14:42:48,809 : INFO : Utilities.BaseClass : Samsung Note 8
2022-09-08 14:42:48,842 : INFO : Utilities.BaseClass : Nokia Edge
2022-09-08 14:42:48,842 : INFO : Utilities.BaseClass : Nokia Edge
2022-09-08 14:42:48,862 : INFO : Utilities.BaseClass : Blackberry
2022-09-08 14:42:48,862 : INFO : Utilities.BaseClass : Blackberry
2022-09-08 14:42:49,283 : INFO : Utilities.BaseClass : Entering country name as Ind
2022-09-08 14:42:49,283 : INFO : Utilities.BaseClass : Entering country name as Ind
2022-09-08 14:42:55,295 : INFO : Utilities.BaseClass : Test received from application is ×
Success! Thank you! Your order will be delivered in next few weeks :-).
2022-09-08 14:42:55,295 : INFO : Utilities.BaseClass : Test received from application is ×
Success! Thank you! Your order will be delivered in next few weeks :-).
2022-09-08 14:47:08,371 : INFO : Utilities.BaseClass : Getting all the card titles
2022-09-08 14:47:08,371 : INFO : Utilities.BaseClass : Getting all the card titles
2022-09-08 14:47:08,448 : INFO : Utilities.BaseClass : iphone X
2022-09-08 14:47:08,448 : INFO : Utilities.BaseClass : iphone X
2022-09-08 14:47:08,482 : INFO : Utilities.BaseClass : Samsung Note 8
2022-09-08 14:47:08,482 : INFO : Utilities.BaseClass : Samsung Note 8
2022-09-08 14:47:08,506 : INFO : Utilities.BaseClass : Nokia Edge
2022-09-08 14:47:08,506 : INFO : Utilities.BaseClass : Nokia Edge
2022-09-08 14:47:08,555 : INFO : Utilities.BaseClass : Blackberry
2022-09-08 14:47:08,555 : INFO : Utilities.BaseClass : Blackberry
2022-09-08 14:47:09,010 : INFO : Utilities.BaseClass : Entering country name as Ind
2022-09-08 14:47:09,010 : INFO : Utilities.BaseClass : Entering country name as Ind
2022-09-08 14:47:15,152 : INFO : Utilities.BaseClass : Test received from application is ×
Success! Thank you! Your order will be delivered in next few weeks :-).
2022-09-08 14:47:15,152 : INFO : Utilities.BaseClass : Test received from application is ×
Success! Thank you! Your order will be delivered in next few weeks :-).
2022-09-08 15:14:22,874 : INFO : Utilities.BaseClass : Getting all the card titles
2022-09-08 15:14:22,874 : INFO : Utilities.BaseClass : Getting all the card titles
2022-09-08 15:14:22,920 : INFO : Utilities.BaseClass : iphone X
2022-09-08 15:14:22,920 : INFO : Utilities.BaseClass : iphone X
2022-09-08 15:14:22,935 : INFO : Utilities.BaseClass : Samsung Note 8
2022-09-08 15:14:22,935 : INFO : Utilities.BaseClass : Samsung Note 8
2022-09-08 15:14:22,951 : INFO : Utilities.BaseClass : Nokia Edge
2022-09-08 15:14:22,951 : INFO : Utilities.BaseClass : Nokia Edge
2022-09-08 15:14:22,967 : INFO : Utilities.BaseClass : Blackberry
2022-09-08 15:14:22,967 : INFO : Utilities.BaseClass : Blackberry
2022-09-08 15:14:23,365 : INFO : Utilities.BaseClass : Entering country name as Ind
2022-09-08 15:14:23,365 : INFO : Utilities.BaseClass : Entering country name as Ind
2022-09-08 15:14:29,327 : INFO : Utilities.BaseClass : Test received from application is ×
Success! Thank you! Your order will be delivered in next few weeks :-).
2022-09-08 15:14:29,327 : INFO : Utilities.BaseClass : Test received from application is ×
Success! Thank you! Your order will be delivered in next few weeks :-).
2022-09-08 15:21:18,159 : INFO : Utilities.BaseClass : Firstname is chand
2022-09-08 15:21:18,297 : INFO : Utilities.BaseClass : Mail ID ischandshaik321@gmail.com
2022-09-08 15:21:18,695 : INFO : Utilities.BaseClass : Gender: Male
2022-09-08 15:21:19,131 : INFO : Utilities.BaseClass : Test received from application is ×
Success! The Form has been submitted successfully!.
2022-09-08 15:21:23,888 : INFO : Utilities.BaseClass : Getting all the card titles
2022-09-08 15:21:23,888 : INFO : Utilities.BaseClass : Getting all the card titles
2022-09-08 15:21:23,933 : INFO : Utilities.BaseClass : iphone X
2022-09-08 15:21:23,933 : INFO : Utilities.BaseClass : iphone X
2022-09-08 15:21:23,949 : INFO : Utilities.BaseClass : Samsung Note 8
2022-09-08 15:21:23,949 : INFO : Utilities.BaseClass : Samsung Note 8
2022-09-08 15:21:23,965 : INFO : Utilities.BaseClass : Nokia Edge
2022-09-08 15:21:23,965 : INFO : Utilities.BaseClass : Nokia Edge
2022-09-08 15:21:23,980 : INFO : Utilities.BaseClass : Blackberry
2022-09-08 15:21:23,980 : INFO : Utilities.BaseClass : Blackberry
2022-09-08 15:21:24,317 : INFO : Utilities.BaseClass : Entering country name as Ind
2022-09-08 15:21:24,317 : INFO : Utilities.BaseClass : Entering country name as Ind
2022-09-08 15:21:30,295 : INFO : Utilities.BaseClass : Test received from application is ×
Success! Thank you! Your order will be delivered in next few weeks :-).
2022-09-08 15:21:30,295 : INFO : Utilities.BaseClass : Test received from application is ×
Success! Thank you! Your order will be delivered in next few weeks :-).
2022-09-08 15:22:28,588 : INFO : Utilities.BaseClass : Getting all the card titles
2022-09-08 15:22:28,588 : INFO : Utilities.BaseClass : Getting all the card titles
2022-09-08 15:22:28,642 : INFO : Utilities.BaseClass : iphone X
2022-09-08 15:22:28,642 : INFO : Utilities.BaseClass : iphone X
2022-09-08 15:22:28,657 : INFO : Utilities.BaseClass : Samsung Note 8
2022-09-08 15:22:28,657 : INFO : Utilities.BaseClass : Samsung Note 8
2022-09-08 15:22:28,689 : INFO : Utilities.BaseClass : Nokia Edge
2022-09-08 15:22:28,689 : INFO : Utilities.BaseClass : Nokia Edge
2022-09-08 15:22:28,704 : INFO : Utilities.BaseClass : Blackberry
2022-09-08 15:22:28,704 : INFO : Utilities.BaseClass : Blackberry
2022-09-08 15:22:29,052 : INFO : Utilities.BaseClass : Entering country name as Ind
2022-09-08 15:22:29,052 : INFO : Utilities.BaseClass : Entering country name as Ind
2022-09-08 15:22:35,018 : INFO : Utilities.BaseClass : Test received from application is ×
Success! Thank you! Your order will be delivered in next few weeks :-).
2022-09-08 15:22:35,018 : INFO : Utilities.BaseClass : Test received from application is ×
Success! Thank you! Your order will be delivered in next few weeks :-).
2022-09-08 15:37:15,557 : INFO : Utilities.BaseClass : Getting all the card titles
2022-09-08 15:37:15,557 : INFO : Utilities.BaseClass : Getting all the card titles
2022-09-08 15:37:15,615 : INFO : Utilities.BaseClass : iphone X
2022-09-08 15:37:15,615 : INFO : Utilities.BaseClass : iphone X
2022-09-08 15:37:15,631 : INFO : Utilities.BaseClass : Samsung Note 8
2022-09-08 15:37:15,631 : INFO : Utilities.BaseClass : Samsung Note 8
2022-09-08 15:37:15,662 : INFO : Utilities.BaseClass : Nokia Edge
2022-09-08 15:37:15,662 : INFO : Utilities.BaseClass : Nokia Edge
2022-09-08 15:37:15,678 : INFO : Utilities.BaseClass : Blackberry
2022-09-08 15:37:15,678 : INFO : Utilities.BaseClass : Blackberry
2022-09-08 15:37:16,527 : INFO : Utilities.BaseClass : Entering country name as Ind
2022-09-08 15:37:16,527 : INFO : Utilities.BaseClass : Entering country name as Ind
2022-09-08 15:37:22,799 : INFO : Utilities.BaseClass : Test received from application is ×
Success! Thank you! Your order will be delivered in next few weeks :-).
2022-09-08 15:37:22,799 : INFO : Utilities.BaseClass : Test received from application is ×
Success! Thank you! Your order will be delivered in next few weeks :-).
2022-09-08 15:54:42,554 : INFO : Utilities.BaseClass : Firstname is nazira
2022-09-08 15:54:42,690 : INFO : Utilities.BaseClass : Mail ID isshaiknazira4@gmail.com
2022-09-08 15:54:43,095 : INFO : Utilities.BaseClass : Gender: Female
2022-09-08 15:54:43,522 : INFO : Utilities.BaseClass : Test received from application is ×
Success! The Form has been submitted successfully!.
2022-09-08 15:54:48,470 : INFO : Utilities.BaseClass : Getting all the card titles
2022-09-08 15:54:48,470 : INFO : Utilities.BaseClass : Getting all the card titles
2022-09-08 15:54:48,540 : INFO : Utilities.BaseClass : iphone X
2022-09-08 15:54:48,540 : INFO : Utilities.BaseClass : iphone X
2022-09-08 15:54:48,572 : INFO : Utilities.BaseClass : Samsung Note 8
2022-09-08 15:54:48,572 : INFO : Utilities.BaseClass : Samsung Note 8
2022-09-08 15:54:48,595 : INFO : Utilities.BaseClass : Nokia Edge
2022-09-08 15:54:48,595 : INFO : Utilities.BaseClass : Nokia Edge
2022-09-08 15:54:48,618 : INFO : Utilities.BaseClass : Blackberry
2022-09-08 15:54:48,618 : INFO : Utilities.BaseClass : Blackberry
2022-09-08 15:54:49,022 : INFO : Utilities.BaseClass : Entering country name as Ind
2022-09-08 15:54:49,022 : INFO : Utilities.BaseClass : Entering country name as Ind
2022-09-08 15:54:54,975 : INFO : Utilities.BaseClass : Test received from application is ×
Success! Thank you! Your order will be delivered in next few weeks :-).
2022-09-08 15:54:54,975 : INFO : Utilities.BaseClass : Test received from application is ×
Success! Thank you! Your order will be delivered in next few weeks :-).
